<?xml version="1.0" encoding="UTF-8"?>
<testsuite xmlns:xsi="http://www.w3.org/2001/XMLSchema-instance" xsi:noNamespaceSchemaLocation="https://maven.apache.org/surefire/maven-surefire-plugin/xsd/surefire-test-report.xsd" name="runnersClass.TestCucumberRunner" time="25.168" tests="5" errors="0" skipped="0" failures="0">
  <properties>
[...]
</properties>
  <testcase name="Given user launches Url of fingertip" classname="Scenario: Validate login functionlity" time="0.001"/>
  <testcase name="And user enters username and password" classname="Scenario: Validate login functionlity" time="0"/>
  <testcase name="And user click on login button" classname="Scenario: Validate login functionlity" time="0"/>
  <testcase name="Then user validate fingertip text in home page" classname="Scenario: Validate login functionlity" time="0"/>
  <testcase name="Scenario: Validate login functionlity" classname="Scenario: Validate login functionlity" time="1.214"/>
</testsuite>