<?xml version="1.0" encoding="UTF-8"?>
<testng-results skipped="0" failed="0" ignored="0" total="1" passed="1">
  <reporter-output>
  </reporter-output>
  <suite name="Default suite" duration-ms="87140" started-at="2020-04-02T16:23:15Z" finished-at="2020-04-02T16:24:42Z">
    <groups>
      <group name="cucumber">
        <method signature="TestCucumberRunner.feature(cucumber.api.testng.CucumberFeatureWrapper)[pri:0, instance:runnersClass.TestCucumberRunner@4dfa3a9d]" name="feature" class="runnersClass.TestCucumberRunner"/>
      </group> <!-- cucumber -->
    </groups>
    <test name="Default test" duration-ms="87140" started-at="2020-04-02T16:23:15Z" finished-at="2020-04-02T16:24:42Z">
      <class name="runnersClass.TestCucumberRunner">
        <test-method status="PASS" signature="setUpClass()[pri:0, instance:runnersClass.TestCucumberRunner@4dfa3a9d]" name="setUpClass" is-config="true" duration-ms="347" started-at="2020-04-02T16:23:15Z" finished-at="2020-04-02T16:23:15Z">
          <reporter-output>
          </reporter-output>
        </test-method> <!-- setUpClass -->
        <test-method status="PASS" signature="feature(cucumber.api.testng.CucumberFeatureWrapper)[pri:0, instance:runnersClass.TestCucumberRunner@4dfa3a9d]" name="feature" duration-ms="86605" started-at="2020-04-02T16:23:16Z" description="Runs Cucumber Feature" data-provider="features" finished-at="2020-04-02T16:24:42Z">
          <params>
            <param index="0">
              <value>
                <![CDATA[Fingertip Decisions test cases]]>
              </value>
            </param>
          </params>
          <reporter-output>
          </reporter-output>
        </test-method> <!-- feature -->
        <test-method status="PASS" signature="writeExtentReport()[pri:0, instance:runnersClass.TestCucumberRunner@4dfa3a9d]" name="writeExtentReport" is-config="true" duration-ms="33" started-at="2020-04-02T16:24:42Z" finished-at="2020-04-02T16:24:42Z">
          <reporter-output>
          </reporter-output>
        </test-method> <!-- writeExtentReport -->
      </class> <!-- runnersClass.TestCucumberRunner -->
    </test> <!-- Default test -->
  </suite> <!-- Default suite -->
</testng-results>
